Using pre-set license

 COMMAND LINE ARGUMENTS:
/Applications/2021.1.3f1/Unity.app/Contents/MacOS/Unity
-adb2
-batchMode
-noUpm
-name
AssetImportWorker0
-projectPath
/Users/k.shimura/1_Unity/AnimalVillage
-logFile
Logs/AssetImportWorker0.log
-srvPort
49788
Successfully changed project path to: /Users/k.shimura/1_Unity/AnimalVillage
/Users/k.shimura/1_Unity/AnimalVillage
Using Asset Import Pipeline V2.
Refreshing native plugins compatible for Editor in 147.20 ms, found 1 plugins.
Preloading 0 native plugins for Editor in 0.00 ms.
Initialize engine version: 2021.1.3f1 (4bef613afd59)
[Subsystems] Discovering subsystems at path /Applications/2021.1.3f1/Unity.app/Contents/Resources/UnitySubsystems
[Subsystems] Discovering subsystems at path /Users/k.shimura/1_Unity/AnimalVillage/Assets
GfxDevice: creating device client; threaded=0; jobified=0
2021-04-18 16:11:01.456 Unity[1696:27811] Color LCD preferred device: Intel(R) Iris(TM) Plus Graphics (low power)
2021-04-18 16:11:01.456 Unity[1696:27811] Metal devices available: 1
2021-04-18 16:11:01.456 Unity[1696:27811] 0: Intel(R) Iris(TM) Plus Graphics (low power)
2021-04-18 16:11:01.456 Unity[1696:27811] Using device Intel(R) Iris(TM) Plus Graphics (low power)
Initializing Metal device caps: Intel(R) Iris(TM) Plus Graphics
Initialize mono
Mono path[0] = '/Applications/2021.1.3f1/Unity.app/Contents/Managed'
Mono path[1] = '/Applications/2021.1.3f1/Unity.app/Contents/MonoBleedingEdge/lib/mono/unityjit'
Mono config path = '/Applications/2021.1.3f1/Unity.app/Contents/MonoBleedingEdge/etc'
Using monoOptions --debugger-agent=transport=dt_socket,embedding=1,server=y,suspend=n,address=127.0.0.1:56696
Begin MonoManager ReloadAssembly
Registering precompiled unity dll's ...
Register platform support module: /Applications/2021.1.3f1/Unity.app/Contents/PlaybackEngines/MacStandaloneSupport/UnityEditor.OSXStandalone.Extensions.dll
Registered in 0.002352 seconds.
Native extension for OSXStandalone target not found
Refreshing native plugins compatible for Editor in 103.50 ms, found 1 plugins.
Preloading 0 native plugins for Editor in 0.00 ms.
Mono: successfully reloaded assembly
- Completed reload, in  2.779 seconds
Platform modules already initialized, skipping
Registering precompiled user dll's ...
Registered in 0.003190 seconds.
Begin MonoManager ReloadAssembly
Native extension for OSXStandalone target not found
Refreshing native plugins compatible for Editor in 0.54 ms, found 1 plugins.
Preloading 0 native plugins for Editor in 0.00 ms.
Mono: successfully reloaded assembly
- Completed reload, in  1.264 seconds
Platform modules already initialized, skipping
========================================================================
Worker process is ready to serve import requests
Launching external process: /Applications/2021.1.3f1/Unity.app/Contents/Tools/UnityShaderCompiler
Launched and connected shader compiler UnityShaderCompiler after 0.03 seconds
Refreshing native plugins compatible for Editor in 0.46 ms, found 1 plugins.
Preloading 0 native plugins for Editor in 0.00 ms.
Unloading 2683 Unused Serialized files (Serialized files now loaded: 0)
System memory in use before: 168.2 MB.
System memory in use after: 168.4 MB.

Unloading 14 unused Assets to reduce memory usage. Loaded Objects now: 3137.
Total: 3.289492 ms (FindLiveObjects: 0.373785 ms CreateObjectMapping: 0.209125 ms MarkObjects: 2.612449 ms  DeleteObjects: 0.092564 ms)

========================================================================
Received Import Request.
  path: Assets/Scripts/SettingManager.cs
  artifactKey: Guid(77089252b37110b418d75928d40303d7) Importer(815301076,1909f56bfc062723c751e8b465ee728b)
Start importing Assets/Scripts/SettingManager.cs using Guid(77089252b37110b418d75928d40303d7) Importer(815301076,1909f56bfc062723c751e8b465ee728b)  -> (artifact id: '37d3e4ed153a2ae11241db4e4da0ea7c') in 4.252757 seconds 
========================================================================
Received Import Request.
  Time since last request: 0.000493 seconds.
  path: Assets/Scripts/SceneDirector.cs
  artifactKey: Guid(20c0531f6b0fcab4cb1b976b56622913) Importer(815301076,1909f56bfc062723c751e8b465ee728b)
Start importing Assets/Scripts/SceneDirector.cs using Guid(20c0531f6b0fcab4cb1b976b56622913) Importer(815301076,1909f56bfc062723c751e8b465ee728b)  -> (artifact id: '90b94c14440353d2fb64a2207ea7c0e5') in 0.003365 seconds 
========================================================================
Received Import Request.
  Time since last request: 35.838383 seconds.
  path: Assets/Scripts/PlusManager.cs
  artifactKey: Guid(a301578a6acb1469aa76085cdb751bae) Importer(815301076,1909f56bfc062723c751e8b465ee728b)
Start importing Assets/Scripts/PlusManager.cs using Guid(a301578a6acb1469aa76085cdb751bae) Importer(815301076,1909f56bfc062723c751e8b465ee728b)  -> (artifact id: '0d9d4e149e791854b8658018318921f5') in 0.004269 seconds 
========================================================================
Received Prepare
Registering precompiled user dll's ...
Registered in 0.001524 seconds.
Begin MonoManager ReloadAssembly
Native extension for OSXStandalone target not found
Refreshing native plugins compatible for Editor in 0.50 ms, found 1 plugins.
Preloading 0 native plugins for Editor in 0.00 ms.
Mono: successfully reloaded assembly
- Completed reload, in  1.048 seconds
Platform modules already initialized, skipping
Refreshing native plugins compatible for Editor in 0.51 ms, found 1 plugins.
Preloading 0 native plugins for Editor in 0.00 ms.
Unloading 2665 Unused Serialized files (Serialized files now loaded: 0)
System memory in use before: 171.4 MB.
System memory in use after: 171.6 MB.

Unloading 9 unused Assets to reduce memory usage. Loaded Objects now: 3141.
Total: 2.074124 ms (FindLiveObjects: 0.261216 ms CreateObjectMapping: 0.101057 ms MarkObjects: 1.691400 ms  DeleteObjects: 0.019420 ms)

========================================================================
Received Import Request.
  Time since last request: 37.534052 seconds.
  path: Assets/Scripts/PlusManager.cs
  artifactKey: Guid(a301578a6acb1469aa76085cdb751bae) Importer(815301076,1909f56bfc062723c751e8b465ee728b)
Start importing Assets/Scripts/PlusManager.cs using Guid(a301578a6acb1469aa76085cdb751bae) Importer(815301076,1909f56bfc062723c751e8b465ee728b)  -> (artifact id: 'af6663cd79ca312a4411d14c15bd2980') in 0.007641 seconds 
========================================================================
Received Prepare
Registering precompiled user dll's ...
Registered in 0.001584 seconds.
Begin MonoManager ReloadAssembly
Native extension for OSXStandalone target not found
Refreshing native plugins compatible for Editor in 0.46 ms, found 1 plugins.
Preloading 0 native plugins for Editor in 0.00 ms.
Mono: successfully reloaded assembly
- Completed reload, in  1.060 seconds
Platform modules already initialized, skipping
Refreshing native plugins compatible for Editor in 0.53 ms, found 1 plugins.
Preloading 0 native plugins for Editor in 0.00 ms.
Unloading 2665 Unused Serialized files (Serialized files now loaded: 0)
System memory in use before: 171.6 MB.
System memory in use after: 171.8 MB.

Unloading 9 unused Assets to reduce memory usage. Loaded Objects now: 3144.
Total: 1.998942 ms (FindLiveObjects: 0.250831 ms CreateObjectMapping: 0.103127 ms MarkObjects: 1.621739 ms  DeleteObjects: 0.021210 ms)

========================================================================
Received Import Request.
  Time since last request: 64.545844 seconds.
  path: Assets/Scripts/PlusManager.cs
  artifactKey: Guid(a301578a6acb1469aa76085cdb751bae) Importer(815301076,1909f56bfc062723c751e8b465ee728b)
Start importing Assets/Scripts/PlusManager.cs using Guid(a301578a6acb1469aa76085cdb751bae) Importer(815301076,1909f56bfc062723c751e8b465ee728b)  -> (artifact id: '41470f2143ff7432f8b8869b521b9895') in 0.008249 seconds 
========================================================================
Received Prepare
Registering precompiled user dll's ...
Registered in 0.001463 seconds.
Begin MonoManager ReloadAssembly
Native extension for OSXStandalone target not found
Refreshing native plugins compatible for Editor in 0.54 ms, found 1 plugins.
Preloading 0 native plugins for Editor in 0.00 ms.
Mono: successfully reloaded assembly
- Completed reload, in  1.027 seconds
Platform modules already initialized, skipping
Refreshing native plugins compatible for Editor in 0.46 ms, found 1 plugins.
Preloading 0 native plugins for Editor in 0.00 ms.
Unloading 2665 Unused Serialized files (Serialized files now loaded: 0)
System memory in use before: 171.8 MB.
System memory in use after: 172.0 MB.

Unloading 9 unused Assets to reduce memory usage. Loaded Objects now: 3147.
Total: 2.146818 ms (FindLiveObjects: 0.191480 ms CreateObjectMapping: 0.082902 ms MarkObjects: 1.849999 ms  DeleteObjects: 0.020470 ms)

========================================================================
Received Prepare
Registering precompiled user dll's ...
Registered in 0.001636 seconds.
Begin MonoManager ReloadAssembly
Native extension for OSXStandalone target not found
Refreshing native plugins compatible for Editor in 0.52 ms, found 1 plugins.
Preloading 0 native plugins for Editor in 0.00 ms.
Mono: successfully reloaded assembly
- Completed reload, in  1.012 seconds
Platform modules already initialized, skipping
Refreshing native plugins compatible for Editor in 0.54 ms, found 1 plugins.
Preloading 0 native plugins for Editor in 0.00 ms.
Unloading 2665 Unused Serialized files (Serialized files now loaded: 0)
System memory in use before: 172.0 MB.
System memory in use after: 172.3 MB.

Unloading 9 unused Assets to reduce memory usage. Loaded Objects now: 3150.
Total: 2.369997 ms (FindLiveObjects: 0.332334 ms CreateObjectMapping: 0.136942 ms MarkObjects: 1.877495 ms  DeleteObjects: 0.021294 ms)

========================================================================
Received Import Request.
  Time since last request: 284.049068 seconds.
  path: Assets/Image
  artifactKey: Guid(c430704bea304404881eb170ecf68c09) Importer(815301076,1909f56bfc062723c751e8b465ee728b)
Start importing Assets/Image using Guid(c430704bea304404881eb170ecf68c09) Importer(815301076,1909f56bfc062723c751e8b465ee728b)  -> (artifact id: 'ff8d00456f1e2de28f8979298c5fb17b') in 0.007999 seconds 
========================================================================
Received Import Request.
  Time since last request: 11.089799 seconds.
  path: Assets/Image/foot.png
  artifactKey: Guid(b844a5415480342738f92986f86971c4) Importer(815301076,1909f56bfc062723c751e8b465ee728b)
Start importing Assets/Image/foot.png using Guid(b844a5415480342738f92986f86971c4) Importer(815301076,1909f56bfc062723c751e8b465ee728b)  -> (artifact id: 'df2aeecef777a474660bfc5f2707d6ef') in 1.079008 seconds 
========================================================================
Received Import Request.
  Time since last request: 8.097021 seconds.
  path: Assets/Image/foot.png
  artifactKey: Guid(b844a5415480342738f92986f86971c4) Importer(815301076,1909f56bfc062723c751e8b465ee728b)
Start importing Assets/Image/foot.png using Guid(b844a5415480342738f92986f86971c4) Importer(815301076,1909f56bfc062723c751e8b465ee728b)  -> (artifact id: '448763e9253496b06a7f1fd7722527a2') in 0.055038 seconds 
========================================================================
Received Prepare
Registering precompiled user dll's ...
Registered in 0.001444 seconds.
Begin MonoManager ReloadAssembly
Native extension for OSXStandalone target not found
Refreshing native plugins compatible for Editor in 0.54 ms, found 1 plugins.
Preloading 0 native plugins for Editor in 0.00 ms.
Mono: successfully reloaded assembly
- Completed reload, in  1.039 seconds
Platform modules already initialized, skipping
Refreshing native plugins compatible for Editor in 0.53 ms, found 1 plugins.
Preloading 0 native plugins for Editor in 0.00 ms.
Unloading 2666 Unused Serialized files (Serialized files now loaded: 0)
System memory in use before: 182.2 MB.
System memory in use after: 182.4 MB.

Unloading 9 unused Assets to reduce memory usage. Loaded Objects now: 3188.
Total: 2.357565 ms (FindLiveObjects: 0.318083 ms CreateObjectMapping: 0.116260 ms MarkObjects: 1.904643 ms  DeleteObjects: 0.017294 ms)

========================================================================
Received Prepare
Registering precompiled user dll's ...
Registered in 0.002324 seconds.
Begin MonoManager ReloadAssembly
Native extension for OSXStandalone target not found
Refreshing native plugins compatible for Editor in 0.47 ms, found 1 plugins.
Preloading 0 native plugins for Editor in 0.00 ms.
Mono: successfully reloaded assembly
- Completed reload, in  1.189 seconds
Platform modules already initialized, skipping
Refreshing native plugins compatible for Editor in 1.19 ms, found 1 plugins.
Preloading 0 native plugins for Editor in 0.00 ms.
Unloading 2666 Unused Serialized files (Serialized files now loaded: 0)
System memory in use before: 182.4 MB.
System memory in use after: 182.6 MB.

Unloading 9 unused Assets to reduce memory usage. Loaded Objects now: 3192.
Total: 2.342565 ms (FindLiveObjects: 0.219367 ms CreateObjectMapping: 0.091218 ms MarkObjects: 2.010266 ms  DeleteObjects: 0.019795 ms)

========================================================================
Received Prepare
Registering precompiled user dll's ...
Registered in 0.001440 seconds.
Begin MonoManager ReloadAssembly
Native extension for OSXStandalone target not found
Refreshing native plugins compatible for Editor in 0.48 ms, found 1 plugins.
Preloading 0 native plugins for Editor in 0.00 ms.
Mono: successfully reloaded assembly
- Completed reload, in  1.043 seconds
Platform modules already initialized, skipping
Refreshing native plugins compatible for Editor in 0.51 ms, found 1 plugins.
Preloading 0 native plugins for Editor in 0.00 ms.
Unloading 2666 Unused Serialized files (Serialized files now loaded: 0)
System memory in use before: 182.6 MB.
System memory in use after: 182.8 MB.

Unloading 9 unused Assets to reduce memory usage. Loaded Objects now: 3195.
Total: 2.262556 ms (FindLiveObjects: 0.238818 ms CreateObjectMapping: 0.098443 ms MarkObjects: 1.900281 ms  DeleteObjects: 0.023061 ms)

========================================================================
Received Prepare
Registering precompiled user dll's ...
Registered in 0.001787 seconds.
Begin MonoManager ReloadAssembly
Native extension for OSXStandalone target not found
Refreshing native plugins compatible for Editor in 0.73 ms, found 1 plugins.
Preloading 0 native plugins for Editor in 0.00 ms.
Mono: successfully reloaded assembly
- Completed reload, in  1.066 seconds
Platform modules already initialized, skipping
Refreshing native plugins compatible for Editor in 0.65 ms, found 1 plugins.
Preloading 0 native plugins for Editor in 0.00 ms.
Unloading 2666 Unused Serialized files (Serialized files now loaded: 0)
System memory in use before: 182.8 MB.
System memory in use after: 183.0 MB.

Unloading 9 unused Assets to reduce memory usage. Loaded Objects now: 3198.
Total: 1.842376 ms (FindLiveObjects: 0.214348 ms CreateObjectMapping: 0.096555 ms MarkObjects: 1.512875 ms  DeleteObjects: 0.017224 ms)

========================================================================
Received Prepare
Registering precompiled user dll's ...
Registered in 0.001844 seconds.
Begin MonoManager ReloadAssembly
Native extension for OSXStandalone target not found
Refreshing native plugins compatible for Editor in 0.48 ms, found 1 plugins.
Preloading 0 native plugins for Editor in 0.00 ms.
Mono: successfully reloaded assembly
- Completed reload, in  1.355 seconds
Platform modules already initialized, skipping
Refreshing native plugins compatible for Editor in 0.63 ms, found 1 plugins.
Preloading 0 native plugins for Editor in 0.00 ms.
Unloading 2666 Unused Serialized files (Serialized files now loaded: 0)
System memory in use before: 183.0 MB.
System memory in use after: 183.2 MB.

Unloading 9 unused Assets to reduce memory usage. Loaded Objects now: 3201.
Total: 1.985449 ms (FindLiveObjects: 0.263272 ms CreateObjectMapping: 0.102688 ms MarkObjects: 1.598717 ms  DeleteObjects: 0.019245 ms)

========================================================================
Received Prepare
Registering precompiled user dll's ...
Registered in 0.001857 seconds.
Begin MonoManager ReloadAssembly
Native extension for OSXStandalone target not found
Refreshing native plugins compatible for Editor in 0.48 ms, found 1 plugins.
Preloading 0 native plugins for Editor in 0.00 ms.
Mono: successfully reloaded assembly
- Completed reload, in  1.040 seconds
Platform modules already initialized, skipping
Refreshing native plugins compatible for Editor in 0.54 ms, found 1 plugins.
Preloading 0 native plugins for Editor in 0.00 ms.
Unloading 2666 Unused Serialized files (Serialized files now loaded: 0)
System memory in use before: 183.2 MB.
System memory in use after: 183.4 MB.

Unloading 9 unused Assets to reduce memory usage. Loaded Objects now: 3204.
Total: 2.229264 ms (FindLiveObjects: 0.272465 ms CreateObjectMapping: 0.111856 ms MarkObjects: 1.822596 ms  DeleteObjects: 0.020927 ms)

========================================================================
Received Prepare
Registering precompiled user dll's ...
Registered in 0.001451 seconds.
Begin MonoManager ReloadAssembly
Native extension for OSXStandalone target not found
Refreshing native plugins compatible for Editor in 0.48 ms, found 1 plugins.
Preloading 0 native plugins for Editor in 0.00 ms.
Mono: successfully reloaded assembly
- Completed reload, in  1.072 seconds
Platform modules already initialized, skipping
Refreshing native plugins compatible for Editor in 0.53 ms, found 1 plugins.
Preloading 0 native plugins for Editor in 0.00 ms.
Unloading 2666 Unused Serialized files (Serialized files now loaded: 0)
System memory in use before: 183.5 MB.
System memory in use after: 183.7 MB.

Unloading 9 unused Assets to reduce memory usage. Loaded Objects now: 3207.
Total: 2.054110 ms (FindLiveObjects: 0.248568 ms CreateObjectMapping: 0.107378 ms MarkObjects: 1.676955 ms  DeleteObjects: 0.019508 ms)

========================================================================
Received Prepare
Registering precompiled user dll's ...
Registered in 0.001462 seconds.
Begin MonoManager ReloadAssembly
Native extension for OSXStandalone target not found
Refreshing native plugins compatible for Editor in 0.58 ms, found 1 plugins.
Preloading 0 native plugins for Editor in 0.00 ms.
Mono: successfully reloaded assembly
- Completed reload, in  1.054 seconds
Platform modules already initialized, skipping
Refreshing native plugins compatible for Editor in 0.53 ms, found 1 plugins.
Preloading 0 native plugins for Editor in 0.00 ms.
Unloading 2666 Unused Serialized files (Serialized files now loaded: 0)
System memory in use before: 183.7 MB.
System memory in use after: 183.9 MB.

Unloading 9 unused Assets to reduce memory usage. Loaded Objects now: 3210.
Total: 4.355701 ms (FindLiveObjects: 0.625503 ms CreateObjectMapping: 0.380116 ms MarkObjects: 3.326668 ms  DeleteObjects: 0.021996 ms)

========================================================================
Received Prepare
Registering precompiled user dll's ...
Registered in 0.001496 seconds.
Begin MonoManager ReloadAssembly
Native extension for OSXStandalone target not found
Refreshing native plugins compatible for Editor in 0.49 ms, found 1 plugins.
Preloading 0 native plugins for Editor in 0.00 ms.
Mono: successfully reloaded assembly
- Completed reload, in  1.158 seconds
Platform modules already initialized, skipping
Refreshing native plugins compatible for Editor in 0.57 ms, found 1 plugins.
Preloading 0 native plugins for Editor in 0.00 ms.
Unloading 2666 Unused Serialized files (Serialized files now loaded: 0)
System memory in use before: 183.9 MB.
System memory in use after: 184.1 MB.

Unloading 9 unused Assets to reduce memory usage. Loaded Objects now: 3213.
Total: 1.851781 ms (FindLiveObjects: 0.228279 ms CreateObjectMapping: 0.083387 ms MarkObjects: 1.520901 ms  DeleteObjects: 0.017912 ms)

========================================================================
Received Prepare
Registering precompiled user dll's ...
Registered in 0.001468 seconds.
Begin MonoManager ReloadAssembly
Native extension for OSXStandalone target not found
Refreshing native plugins compatible for Editor in 0.49 ms, found 1 plugins.
Preloading 0 native plugins for Editor in 0.00 ms.
Mono: successfully reloaded assembly
- Completed reload, in  1.122 seconds
Platform modules already initialized, skipping
Refreshing native plugins compatible for Editor in 0.46 ms, found 1 plugins.
Preloading 0 native plugins for Editor in 0.00 ms.
Unloading 2666 Unused Serialized files (Serialized files now loaded: 0)
System memory in use before: 184.1 MB.
System memory in use after: 184.3 MB.

Unloading 9 unused Assets to reduce memory usage. Loaded Objects now: 3216.
Total: 2.009551 ms (FindLiveObjects: 0.245385 ms CreateObjectMapping: 0.101313 ms MarkObjects: 1.642218 ms  DeleteObjects: 0.019167 ms)

========================================================================
Received Prepare
Registering precompiled user dll's ...
Registered in 0.001455 seconds.
Begin MonoManager ReloadAssembly
Native extension for OSXStandalone target not found
Refreshing native plugins compatible for Editor in 0.48 ms, found 1 plugins.
Preloading 0 native plugins for Editor in 0.00 ms.
Mono: successfully reloaded assembly
- Completed reload, in  1.327 seconds
Platform modules already initialized, skipping
Refreshing native plugins compatible for Editor in 0.54 ms, found 1 plugins.
Preloading 0 native plugins for Editor in 0.00 ms.
Unloading 2666 Unused Serialized files (Serialized files now loaded: 0)
System memory in use before: 184.3 MB.
System memory in use after: 184.5 MB.

Unloading 9 unused Assets to reduce memory usage. Loaded Objects now: 3219.
Total: 1.888243 ms (FindLiveObjects: 0.231661 ms CreateObjectMapping: 0.090900 ms MarkObjects: 1.546047 ms  DeleteObjects: 0.018533 ms)

========================================================================
Received Prepare
Registering precompiled user dll's ...
Registered in 0.001578 seconds.
Begin MonoManager ReloadAssembly
Native extension for OSXStandalone target not found
Refreshing native plugins compatible for Editor in 0.47 ms, found 1 plugins.
Preloading 0 native plugins for Editor in 0.00 ms.
Mono: successfully reloaded assembly
- Completed reload, in  1.053 seconds
Platform modules already initialized, skipping
Refreshing native plugins compatible for Editor in 0.50 ms, found 1 plugins.
Preloading 0 native plugins for Editor in 0.00 ms.
Unloading 2666 Unused Serialized files (Serialized files now loaded: 0)
System memory in use before: 184.5 MB.
System memory in use after: 184.7 MB.

Unloading 9 unused Assets to reduce memory usage. Loaded Objects now: 3222.
Total: 2.131989 ms (FindLiveObjects: 0.332997 ms CreateObjectMapping: 0.191802 ms MarkObjects: 1.584347 ms  DeleteObjects: 0.021262 ms)

========================================================================
Received Prepare
Registering precompiled user dll's ...
Registered in 0.001993 seconds.
Begin MonoManager ReloadAssembly
Native extension for OSXStandalone target not found
Refreshing native plugins compatible for Editor in 0.53 ms, found 1 plugins.
Preloading 0 native plugins for Editor in 0.00 ms.
Mono: successfully reloaded assembly
- Completed reload, in  1.038 seconds
Platform modules already initialized, skipping
Refreshing native plugins compatible for Editor in 0.58 ms, found 1 plugins.
Preloading 0 native plugins for Editor in 0.00 ms.
Unloading 2666 Unused Serialized files (Serialized files now loaded: 0)
System memory in use before: 184.7 MB.
System memory in use after: 184.9 MB.

Unloading 9 unused Assets to reduce memory usage. Loaded Objects now: 3225.
Total: 2.007550 ms (FindLiveObjects: 0.228694 ms CreateObjectMapping: 0.105390 ms MarkObjects: 1.653930 ms  DeleteObjects: 0.018368 ms)

========================================================================
Received Import Request.
  Time since last request: 1450.053793 seconds.
  path: Assets/VoxelAnimals/Assets/Animations/Cat.controller
  artifactKey: Guid(93e3c2b08cdddef48a084d8def08276c) Importer(815301076,1909f56bfc062723c751e8b465ee728b)
Start importing Assets/VoxelAnimals/Assets/Animations/Cat.controller using Guid(93e3c2b08cdddef48a084d8def08276c) Importer(815301076,1909f56bfc062723c751e8b465ee728b)  -> (artifact id: '84ca3b37f0da9654c1bc3953addf39dd') in 1.215742 seconds 
========================================================================
Received Prepare
Registering precompiled user dll's ...
Registered in 0.001476 seconds.
Begin MonoManager ReloadAssembly
Native extension for OSXStandalone target not found
Refreshing native plugins compatible for Editor in 0.47 ms, found 1 plugins.
Preloading 0 native plugins for Editor in 0.00 ms.
Mono: successfully reloaded assembly
- Completed reload, in  1.052 seconds
Platform modules already initialized, skipping
Refreshing native plugins compatible for Editor in 0.45 ms, found 1 plugins.
Preloading 0 native plugins for Editor in 0.00 ms.
Unloading 2666 Unused Serialized files (Serialized files now loaded: 0)
System memory in use before: 189.1 MB.
System memory in use after: 189.3 MB.

Unloading 9 unused Assets to reduce memory usage. Loaded Objects now: 3228.
Total: 2.295016 ms (FindLiveObjects: 0.247172 ms CreateObjectMapping: 0.094951 ms MarkObjects: 1.930702 ms  DeleteObjects: 0.020759 ms)

========================================================================
Received Prepare
Registering precompiled user dll's ...
Registered in 0.001436 seconds.
Begin MonoManager ReloadAssembly
Native extension for OSXStandalone target not found
Refreshing native plugins compatible for Editor in 0.45 ms, found 1 plugins.
Preloading 0 native plugins for Editor in 0.00 ms.
Mono: successfully reloaded assembly
- Completed reload, in  1.020 seconds
Platform modules already initialized, skipping
Refreshing native plugins compatible for Editor in 0.59 ms, found 1 plugins.
Preloading 0 native plugins for Editor in 0.00 ms.
Unloading 2666 Unused Serialized files (Serialized files now loaded: 0)
System memory in use before: 189.3 MB.
System memory in use after: 189.5 MB.

Unloading 9 unused Assets to reduce memory usage. Loaded Objects now: 3231.
Total: 1.994104 ms (FindLiveObjects: 0.235608 ms CreateObjectMapping: 0.102701 ms MarkObjects: 1.634166 ms  DeleteObjects: 0.020173 ms)

========================================================================
Received Prepare
Registering precompiled user dll's ...
Registered in 0.001640 seconds.
Begin MonoManager ReloadAssembly
Native extension for OSXStandalone target not found
Refreshing native plugins compatible for Editor in 0.47 ms, found 1 plugins.
Preloading 0 native plugins for Editor in 0.00 ms.
Mono: successfully reloaded assembly
- Completed reload, in  1.110 seconds
Platform modules already initialized, skipping
Refreshing native plugins compatible for Editor in 0.54 ms, found 1 plugins.
Preloading 0 native plugins for Editor in 0.00 ms.
Unloading 2666 Unused Serialized files (Serialized files now loaded: 0)
System memory in use before: 189.5 MB.
System memory in use after: 189.7 MB.

Unloading 9 unused Assets to reduce memory usage. Loaded Objects now: 3234.
Total: 2.145449 ms (FindLiveObjects: 0.298305 ms CreateObjectMapping: 0.112349 ms MarkObjects: 1.711589 ms  DeleteObjects: 0.021955 ms)

========================================================================
Received Prepare
Registering precompiled user dll's ...
Registered in 0.001487 seconds.
Begin MonoManager ReloadAssembly
Native extension for OSXStandalone target not found
Refreshing native plugins compatible for Editor in 0.45 ms, found 1 plugins.
Preloading 0 native plugins for Editor in 0.00 ms.
Mono: successfully reloaded assembly
- Completed reload, in  1.228 seconds
Platform modules already initialized, skipping
Refreshing native plugins compatible for Editor in 0.75 ms, found 1 plugins.
Preloading 0 native plugins for Editor in 0.00 ms.
Unloading 2666 Unused Serialized files (Serialized files now loaded: 0)
System memory in use before: 189.8 MB.
System memory in use after: 190.0 MB.

Unloading 9 unused Assets to reduce memory usage. Loaded Objects now: 3237.
Total: 4.432064 ms (FindLiveObjects: 0.361982 ms CreateObjectMapping: 0.194842 ms MarkObjects: 3.786184 ms  DeleteObjects: 0.084241 ms)

========================================================================
Received Prepare
Registering precompiled user dll's ...
Registered in 0.001799 seconds.
Begin MonoManager ReloadAssembly
Native extension for OSXStandalone target not found
Refreshing native plugins compatible for Editor in 0.54 ms, found 1 plugins.
Preloading 0 native plugins for Editor in 0.00 ms.
Mono: successfully reloaded assembly
- Completed reload, in  1.033 seconds
Platform modules already initialized, skipping
Refreshing native plugins compatible for Editor in 0.49 ms, found 1 plugins.
Preloading 0 native plugins for Editor in 0.00 ms.
Unloading 2666 Unused Serialized files (Serialized files now loaded: 0)
System memory in use before: 190.0 MB.
System memory in use after: 190.2 MB.

Unloading 9 unused Assets to reduce memory usage. Loaded Objects now: 3240.
Total: 2.293099 ms (FindLiveObjects: 0.267441 ms CreateObjectMapping: 0.115092 ms MarkObjects: 1.887580 ms  DeleteObjects: 0.021206 ms)

========================================================================
Received Prepare
Registering precompiled user dll's ...
Registered in 0.001692 seconds.
Begin MonoManager ReloadAssembly
Native extension for OSXStandalone target not found
Refreshing native plugins compatible for Editor in 0.72 ms, found 1 plugins.
Preloading 0 native plugins for Editor in 0.00 ms.
Mono: successfully reloaded assembly
- Completed reload, in  1.329 seconds
Platform modules already initialized, skipping
Refreshing native plugins compatible for Editor in 0.62 ms, found 1 plugins.
Preloading 0 native plugins for Editor in 0.00 ms.
Unloading 2666 Unused Serialized files (Serialized files now loaded: 0)
System memory in use before: 190.2 MB.
System memory in use after: 190.4 MB.

Unloading 9 unused Assets to reduce memory usage. Loaded Objects now: 3243.
Total: 2.311541 ms (FindLiveObjects: 0.275501 ms CreateObjectMapping: 0.266226 ms MarkObjects: 1.746913 ms  DeleteObjects: 0.021406 ms)

========================================================================
Received Import Request.
  Time since last request: 3209.502688 seconds.
  path: Assets/Scripts/CharacterCamera.cs
  artifactKey: Guid(0b7684c10724549a48c5fb2006955988) Importer(815301076,1909f56bfc062723c751e8b465ee728b)
Start importing Assets/Scripts/CharacterCamera.cs using Guid(0b7684c10724549a48c5fb2006955988) Importer(815301076,1909f56bfc062723c751e8b465ee728b)  -> (artifact id: '943d44fa60177d882ab1e3ca8223187c') in 0.008964 seconds 
========================================================================
Received Prepare
Registering precompiled user dll's ...
Registered in 0.001431 seconds.
Begin MonoManager ReloadAssembly
Native extension for OSXStandalone target not found
Refreshing native plugins compatible for Editor in 0.58 ms, found 1 plugins.
Preloading 0 native plugins for Editor in 0.00 ms.
Mono: successfully reloaded assembly
- Completed reload, in  1.115 seconds
Platform modules already initialized, skipping
Refreshing native plugins compatible for Editor in 0.52 ms, found 1 plugins.
Preloading 0 native plugins for Editor in 0.00 ms.
Unloading 2667 Unused Serialized files (Serialized files now loaded: 0)
System memory in use before: 193.2 MB.
System memory in use after: 193.4 MB.

Unloading 9 unused Assets to reduce memory usage. Loaded Objects now: 3247.
Total: 1.960384 ms (FindLiveObjects: 0.269615 ms CreateObjectMapping: 0.095690 ms MarkObjects: 1.577344 ms  DeleteObjects: 0.016613 ms)

========================================================================
Received Import Request.
  Time since last request: 30.461986 seconds.
  path: Assets/Scripts/CharacterCamera.cs
  artifactKey: Guid(0b7684c10724549a48c5fb2006955988) Importer(815301076,1909f56bfc062723c751e8b465ee728b)
Start importing Assets/Scripts/CharacterCamera.cs using Guid(0b7684c10724549a48c5fb2006955988) Importer(815301076,1909f56bfc062723c751e8b465ee728b)  -> (artifact id: '2ba2348166a2bae0b6c66a27585a6edd') in 0.006763 seconds 
========================================================================
Received Prepare
Registering precompiled user dll's ...
Registered in 0.002276 seconds.
Begin MonoManager ReloadAssembly
Native extension for OSXStandalone target not found
Refreshing native plugins compatible for Editor in 0.46 ms, found 1 plugins.
Preloading 0 native plugins for Editor in 0.00 ms.
Mono: successfully reloaded assembly
- Completed reload, in  1.039 seconds
Platform modules already initialized, skipping
Refreshing native plugins compatible for Editor in 0.51 ms, found 1 plugins.
Preloading 0 native plugins for Editor in 0.00 ms.
Unloading 2667 Unused Serialized files (Serialized files now loaded: 0)
System memory in use before: 193.4 MB.
System memory in use after: 193.6 MB.

Unloading 9 unused Assets to reduce memory usage. Loaded Objects now: 3250.
Total: 2.366711 ms (FindLiveObjects: 0.317289 ms CreateObjectMapping: 0.111288 ms MarkObjects: 1.918475 ms  DeleteObjects: 0.018369 ms)

========================================================================
Received Prepare
Registering precompiled user dll's ...
Registered in 0.001451 seconds.
Begin MonoManager ReloadAssembly
Native extension for OSXStandalone target not found
Refreshing native plugins compatible for Editor in 0.52 ms, found 1 plugins.
Preloading 0 native plugins for Editor in 0.00 ms.
Mono: successfully reloaded assembly
- Completed reload, in  1.029 seconds
Platform modules already initialized, skipping
Refreshing native plugins compatible for Editor in 0.51 ms, found 1 plugins.
Preloading 0 native plugins for Editor in 0.00 ms.
Unloading 2667 Unused Serialized files (Serialized files now loaded: 0)
System memory in use before: 193.6 MB.
System memory in use after: 193.8 MB.

Unloading 9 unused Assets to reduce memory usage. Loaded Objects now: 3253.
Total: 2.175924 ms (FindLiveObjects: 0.276829 ms CreateObjectMapping: 0.105933 ms MarkObjects: 1.770400 ms  DeleteObjects: 0.021846 ms)

========================================================================
Received Prepare
Registering precompiled user dll's ...
Registered in 0.001466 seconds.
Begin MonoManager ReloadAssembly
Native extension for OSXStandalone target not found
Refreshing native plugins compatible for Editor in 0.46 ms, found 1 plugins.
Preloading 0 native plugins for Editor in 0.00 ms.
Mono: successfully reloaded assembly
- Completed reload, in  1.052 seconds
Platform modules already initialized, skipping
Refreshing native plugins compatible for Editor in 0.45 ms, found 1 plugins.
Preloading 0 native plugins for Editor in 0.00 ms.
Unloading 2667 Unused Serialized files (Serialized files now loaded: 0)
System memory in use before: 193.8 MB.
System memory in use after: 194.0 MB.

Unloading 9 unused Assets to reduce memory usage. Loaded Objects now: 3256.
Total: 1.805920 ms (FindLiveObjects: 0.211056 ms CreateObjectMapping: 0.086857 ms MarkObjects: 1.487580 ms  DeleteObjects: 0.018916 ms)

========================================================================
Received Prepare
Registering precompiled user dll's ...
Registered in 0.002224 seconds.
Begin MonoManager ReloadAssembly
Native extension for OSXStandalone target not found
Refreshing native plugins compatible for Editor in 0.46 ms, found 1 plugins.
Preloading 0 native plugins for Editor in 0.00 ms.
Mono: successfully reloaded assembly
- Completed reload, in  1.049 seconds
Platform modules already initialized, skipping
Refreshing native plugins compatible for Editor in 0.45 ms, found 1 plugins.
Preloading 0 native plugins for Editor in 0.00 ms.
Unloading 2667 Unused Serialized files (Serialized files now loaded: 0)
System memory in use before: 194.0 MB.
System memory in use after: 194.2 MB.

Unloading 9 unused Assets to reduce memory usage. Loaded Objects now: 3259.
Total: 2.146128 ms (FindLiveObjects: 0.267536 ms CreateObjectMapping: 0.098427 ms MarkObjects: 1.762024 ms  DeleteObjects: 0.016741 ms)

========================================================================
Received Import Request.
  Time since last request: 239.155318 seconds.
  path: Assets/Scripts/Slider.cs
  artifactKey: Guid(ac900be90e21b6640bde4f7870358271) Importer(815301076,1909f56bfc062723c751e8b465ee728b)
Start importing Assets/Scripts/Slider.cs using Guid(ac900be90e21b6640bde4f7870358271) Importer(815301076,1909f56bfc062723c751e8b465ee728b)  -> (artifact id: 'e94d5b6eb2120d3ad0c4adca77507f9e') in 0.004931 seconds 
========================================================================
Received Prepare
Registering precompiled user dll's ...
Registered in 0.002001 seconds.
Begin MonoManager ReloadAssembly
Native extension for OSXStandalone target not found
Refreshing native plugins compatible for Editor in 0.49 ms, found 1 plugins.
Preloading 0 native plugins for Editor in 0.00 ms.
Mono: successfully reloaded assembly
- Completed reload, in  1.052 seconds
Platform modules already initialized, skipping
Refreshing native plugins compatible for Editor in 0.51 ms, found 1 plugins.
Preloading 0 native plugins for Editor in 0.00 ms.
Unloading 2667 Unused Serialized files (Serialized files now loaded: 0)
System memory in use before: 194.2 MB.
System memory in use after: 194.4 MB.

Unloading 9 unused Assets to reduce memory usage. Loaded Objects now: 3262.
Total: 1.972414 ms (FindLiveObjects: 0.268178 ms CreateObjectMapping: 0.099543 ms MarkObjects: 1.584912 ms  DeleteObjects: 0.018703 ms)

========================================================================
Received Import Request.
  Time since last request: 706.763332 seconds.
  path: ProjectSettings/TagManager.asset
  artifactKey: Guid(00000000000000003000000000000000) Importer(815301076,1909f56bfc062723c751e8b465ee728b)
Start importing ProjectSettings/TagManager.asset using Guid(00000000000000003000000000000000) Importer(815301076,1909f56bfc062723c751e8b465ee728b)  -> (artifact id: '89d9204859c89940a7117b129c21fcab') in 0.374189 seconds 
========================================================================
Received Prepare
Registering precompiled user dll's ...
Registered in 0.001397 seconds.
Begin MonoManager ReloadAssembly
Native extension for OSXStandalone target not found
Refreshing native plugins compatible for Editor in 0.55 ms, found 1 plugins.
Preloading 0 native plugins for Editor in 0.00 ms.
Mono: successfully reloaded assembly
- Completed reload, in  1.047 seconds
Platform modules already initialized, skipping
Refreshing native plugins compatible for Editor in 0.52 ms, found 1 plugins.
Preloading 0 native plugins for Editor in 0.00 ms.
Unloading 2667 Unused Serialized files (Serialized files now loaded: 0)
System memory in use before: 198.7 MB.
System memory in use after: 198.9 MB.

Unloading 10 unused Assets to reduce memory usage. Loaded Objects now: 3265.
Total: 2.146309 ms (FindLiveObjects: 0.287288 ms CreateObjectMapping: 0.109456 ms MarkObjects: 1.731376 ms  DeleteObjects: 0.016889 ms)

========================================================================
Received Prepare
Registering precompiled user dll's ...
Registered in 0.001431 seconds.
Begin MonoManager ReloadAssembly
Native extension for OSXStandalone target not found
Refreshing native plugins compatible for Editor in 0.54 ms, found 1 plugins.
Preloading 0 native plugins for Editor in 0.00 ms.
Mono: successfully reloaded assembly
- Completed reload, in  1.055 seconds
Platform modules already initialized, skipping
Refreshing native plugins compatible for Editor in 0.54 ms, found 1 plugins.
Preloading 0 native plugins for Editor in 0.00 ms.
Unloading 2667 Unused Serialized files (Serialized files now loaded: 0)
System memory in use before: 198.9 MB.
System memory in use after: 199.1 MB.

Unloading 9 unused Assets to reduce memory usage. Loaded Objects now: 3268.
Total: 2.268240 ms (FindLiveObjects: 0.249969 ms CreateObjectMapping: 0.121588 ms MarkObjects: 1.873206 ms  DeleteObjects: 0.022080 ms)

========================================================================
Received Prepare
Registering precompiled user dll's ...
Registered in 0.001491 seconds.
Begin MonoManager ReloadAssembly
Native extension for OSXStandalone target not found
Refreshing native plugins compatible for Editor in 0.48 ms, found 1 plugins.
Preloading 0 native plugins for Editor in 0.00 ms.
Mono: successfully reloaded assembly
- Completed reload, in  1.356 seconds
Platform modules already initialized, skipping
Refreshing native plugins compatible for Editor in 0.50 ms, found 1 plugins.
Preloading 0 native plugins for Editor in 0.00 ms.
Unloading 2667 Unused Serialized files (Serialized files now loaded: 0)
System memory in use before: 199.1 MB.
System memory in use after: 199.3 MB.

Unloading 9 unused Assets to reduce memory usage. Loaded Objects now: 3271.
Total: 2.050760 ms (FindLiveObjects: 0.255466 ms CreateObjectMapping: 0.101510 ms MarkObjects: 1.673077 ms  DeleteObjects: 0.019141 ms)

========================================================================
Received Prepare
Registering precompiled user dll's ...
Registered in 0.001619 seconds.
Begin MonoManager ReloadAssembly
Native extension for OSXStandalone target not found
Refreshing native plugins compatible for Editor in 0.46 ms, found 1 plugins.
Preloading 0 native plugins for Editor in 0.00 ms.
Mono: successfully reloaded assembly
- Completed reload, in  1.033 seconds
Platform modules already initialized, skipping
Refreshing native plugins compatible for Editor in 0.48 ms, found 1 plugins.
Preloading 0 native plugins for Editor in 0.00 ms.
Unloading 2667 Unused Serialized files (Serialized files now loaded: 0)
System memory in use before: 199.3 MB.
System memory in use after: 199.5 MB.

Unloading 9 unused Assets to reduce memory usage. Loaded Objects now: 3274.
Total: 2.001673 ms (FindLiveObjects: 0.220828 ms CreateObjectMapping: 0.094933 ms MarkObjects: 1.659985 ms  DeleteObjects: 0.024074 ms)

========================================================================
Received Prepare
Registering precompiled user dll's ...
Registered in 0.001658 seconds.
Begin MonoManager ReloadAssembly
Native extension for OSXStandalone target not found
Refreshing native plugins compatible for Editor in 0.48 ms, found 1 plugins.
Preloading 0 native plugins for Editor in 0.00 ms.
Mono: successfully reloaded assembly
- Completed reload, in  1.273 seconds
Platform modules already initialized, skipping
Refreshing native plugins compatible for Editor in 0.54 ms, found 1 plugins.
Preloading 0 native plugins for Editor in 0.00 ms.
Unloading 2667 Unused Serialized files (Serialized files now loaded: 0)
System memory in use before: 199.5 MB.
System memory in use after: 199.7 MB.

Unloading 9 unused Assets to reduce memory usage. Loaded Objects now: 3277.
Total: 2.206322 ms (FindLiveObjects: 0.300796 ms CreateObjectMapping: 0.124095 ms MarkObjects: 1.759625 ms  DeleteObjects: 0.020170 ms)

========================================================================
Received Prepare
Registering precompiled user dll's ...
Registered in 0.001494 seconds.
Begin MonoManager ReloadAssembly
Native extension for OSXStandalone target not found
Refreshing native plugins compatible for Editor in 0.54 ms, found 1 plugins.
Preloading 0 native plugins for Editor in 0.00 ms.
Mono: successfully reloaded assembly
- Completed reload, in  1.070 seconds
Platform modules already initialized, skipping
Refreshing native plugins compatible for Editor in 0.53 ms, found 1 plugins.
Preloading 0 native plugins for Editor in 0.00 ms.
Unloading 2667 Unused Serialized files (Serialized files now loaded: 0)
System memory in use before: 199.7 MB.
System memory in use after: 199.9 MB.

Unloading 9 unused Assets to reduce memory usage. Loaded Objects now: 3280.
Total: 1.896069 ms (FindLiveObjects: 0.234181 ms CreateObjectMapping: 0.092793 ms MarkObjects: 1.547497 ms  DeleteObjects: 0.020064 ms)

========================================================================
Received Prepare
Registering precompiled user dll's ...
Registered in 0.001459 seconds.
Begin MonoManager ReloadAssembly
Native extension for OSXStandalone target not found
Refreshing native plugins compatible for Editor in 0.53 ms, found 1 plugins.
Preloading 0 native plugins for Editor in 0.00 ms.
Mono: successfully reloaded assembly
- Completed reload, in  1.307 seconds
Platform modules already initialized, skipping
Refreshing native plugins compatible for Editor in 0.53 ms, found 1 plugins.
Preloading 0 native plugins for Editor in 0.00 ms.
Unloading 2667 Unused Serialized files (Serialized files now loaded: 0)
System memory in use before: 199.9 MB.
System memory in use after: 200.1 MB.

Unloading 9 unused Assets to reduce memory usage. Loaded Objects now: 3283.
Total: 2.423460 ms (FindLiveObjects: 0.461213 ms CreateObjectMapping: 0.073125 ms MarkObjects: 1.867650 ms  DeleteObjects: 0.020209 ms)

========================================================================
Received Prepare
Registering precompiled user dll's ...
Registered in 0.001465 seconds.
Begin MonoManager ReloadAssembly
Native extension for OSXStandalone target not found
Refreshing native plugins compatible for Editor in 0.50 ms, found 1 plugins.
Preloading 0 native plugins for Editor in 0.00 ms.
Mono: successfully reloaded assembly
- Completed reload, in  1.077 seconds
Platform modules already initialized, skipping
Refreshing native plugins compatible for Editor in 0.47 ms, found 1 plugins.
Preloading 0 native plugins for Editor in 0.00 ms.
Unloading 2667 Unused Serialized files (Serialized files now loaded: 0)
System memory in use before: 200.1 MB.
System memory in use after: 200.3 MB.

Unloading 9 unused Assets to reduce memory usage. Loaded Objects now: 3286.
Total: 1.914167 ms (FindLiveObjects: 0.230787 ms CreateObjectMapping: 0.095981 ms MarkObjects: 1.564974 ms  DeleteObjects: 0.021112 ms)

========================================================================
Received Prepare
Registering precompiled user dll's ...
Registered in 0.001760 seconds.
Begin MonoManager ReloadAssembly
Native extension for OSXStandalone target not found
Refreshing native plugins compatible for Editor in 0.79 ms, found 1 plugins.
Preloading 0 native plugins for Editor in 0.00 ms.
Mono: successfully reloaded assembly
- Completed reload, in  1.248 seconds
Platform modules already initialized, skipping
Refreshing native plugins compatible for Editor in 0.55 ms, found 1 plugins.
Preloading 0 native plugins for Editor in 0.00 ms.
Unloading 2667 Unused Serialized files (Serialized files now loaded: 0)
System memory in use before: 200.3 MB.
System memory in use after: 200.6 MB.

Unloading 9 unused Assets to reduce memory usage. Loaded Objects now: 3289.
Total: 1.907773 ms (FindLiveObjects: 0.212094 ms CreateObjectMapping: 0.088721 ms MarkObjects: 1.586024 ms  DeleteObjects: 0.019296 ms)

========================================================================
Received Prepare
Registering precompiled user dll's ...
Registered in 0.001456 seconds.
Begin MonoManager ReloadAssembly
Native extension for OSXStandalone target not found
Refreshing native plugins compatible for Editor in 0.54 ms, found 1 plugins.
Preloading 0 native plugins for Editor in 0.00 ms.
Mono: successfully reloaded assembly
- Completed reload, in  1.070 seconds
Platform modules already initialized, skipping
Refreshing native plugins compatible for Editor in 0.53 ms, found 1 plugins.
Preloading 0 native plugins for Editor in 0.00 ms.
Unloading 2667 Unused Serialized files (Serialized files now loaded: 0)
System memory in use before: 200.6 MB.
System memory in use after: 200.8 MB.

Unloading 9 unused Assets to reduce memory usage. Loaded Objects now: 3292.
Total: 2.133941 ms (FindLiveObjects: 0.259968 ms CreateObjectMapping: 0.099848 ms MarkObjects: 1.752024 ms  DeleteObjects: 0.020876 ms)

========================================================================
Received Prepare
Registering precompiled user dll's ...
Registered in 0.001643 seconds.
Begin MonoManager ReloadAssembly
Native extension for OSXStandalone target not found
Refreshing native plugins compatible for Editor in 0.51 ms, found 1 plugins.
Preloading 0 native plugins for Editor in 0.00 ms.
Mono: successfully reloaded assembly
- Completed reload, in  1.336 seconds
Platform modules already initialized, skipping
Refreshing native plugins compatible for Editor in 0.47 ms, found 1 plugins.
Preloading 0 native plugins for Editor in 0.00 ms.
Unloading 2667 Unused Serialized files (Serialized files now loaded: 0)
System memory in use before: 200.8 MB.
System memory in use after: 201.0 MB.

Unloading 9 unused Assets to reduce memory usage. Loaded Objects now: 3295.
Total: 2.128891 ms (FindLiveObjects: 0.327062 ms CreateObjectMapping: 0.154086 ms MarkObjects: 1.625385 ms  DeleteObjects: 0.021053 ms)

========================================================================
Received Prepare
Registering precompiled user dll's ...
Registered in 0.001472 seconds.
Begin MonoManager ReloadAssembly
Native extension for OSXStandalone target not found
Refreshing native plugins compatible for Editor in 0.56 ms, found 1 plugins.
Preloading 0 native plugins for Editor in 0.00 ms.
Mono: successfully reloaded assembly
- Completed reload, in  1.060 seconds
Platform modules already initialized, skipping
Refreshing native plugins compatible for Editor in 0.55 ms, found 1 plugins.
Preloading 0 native plugins for Editor in 0.00 ms.
Unloading 2667 Unused Serialized files (Serialized files now loaded: 0)
System memory in use before: 201.0 MB.
System memory in use after: 201.2 MB.

Unloading 9 unused Assets to reduce memory usage. Loaded Objects now: 3298.
Total: 2.100457 ms (FindLiveObjects: 0.268889 ms CreateObjectMapping: 0.105301 ms MarkObjects: 1.703388 ms  DeleteObjects: 0.021407 ms)

========================================================================
Received Prepare
Registering precompiled user dll's ...
Registered in 0.001933 seconds.
Begin MonoManager ReloadAssembly
Native extension for OSXStandalone target not found
Refreshing native plugins compatible for Editor in 0.48 ms, found 1 plugins.
Preloading 0 native plugins for Editor in 0.00 ms.
Mono: successfully reloaded assembly
- Completed reload, in  1.253 seconds
Platform modules already initialized, skipping
Refreshing native plugins compatible for Editor in 0.53 ms, found 1 plugins.
Preloading 0 native plugins for Editor in 0.00 ms.
Unloading 2667 Unused Serialized files (Serialized files now loaded: 0)
System memory in use before: 201.2 MB.
System memory in use after: 201.4 MB.

Unloading 9 unused Assets to reduce memory usage. Loaded Objects now: 3301.
Total: 2.126435 ms (FindLiveObjects: 0.263520 ms CreateObjectMapping: 0.109388 ms MarkObjects: 1.732492 ms  DeleteObjects: 0.019783 ms)

========================================================================
Received Prepare
Registering precompiled user dll's ...
Registered in 0.001448 seconds.
Begin MonoManager ReloadAssembly
Native extension for OSXStandalone target not found
Refreshing native plugins compatible for Editor in 0.56 ms, found 1 plugins.
Preloading 0 native plugins for Editor in 0.00 ms.
Mono: successfully reloaded assembly
- Completed reload, in  1.097 seconds
Platform modules already initialized, skipping
Refreshing native plugins compatible for Editor in 0.58 ms, found 1 plugins.
Preloading 0 native plugins for Editor in 0.00 ms.
Unloading 2667 Unused Serialized files (Serialized files now loaded: 0)
System memory in use before: 201.4 MB.
System memory in use after: 201.6 MB.

Unloading 9 unused Assets to reduce memory usage. Loaded Objects now: 3304.
Total: 2.561921 ms (FindLiveObjects: 0.261680 ms CreateObjectMapping: 0.116939 ms MarkObjects: 2.152565 ms  DeleteObjects: 0.022830 ms)

========================================================================
Received Prepare
Registering precompiled user dll's ...
Registered in 0.001461 seconds.
Begin MonoManager ReloadAssembly
Native extension for OSXStandalone target not found
Refreshing native plugins compatible for Editor in 0.51 ms, found 1 plugins.
Preloading 0 native plugins for Editor in 0.00 ms.
Mono: successfully reloaded assembly
- Completed reload, in  1.157 seconds
Platform modules already initialized, skipping
Refreshing native plugins compatible for Editor in 0.47 ms, found 1 plugins.
Preloading 0 native plugins for Editor in 0.00 ms.
Unloading 2667 Unused Serialized files (Serialized files now loaded: 0)
System memory in use before: 201.6 MB.
System memory in use after: 201.8 MB.

Unloading 9 unused Assets to reduce memory usage. Loaded Objects now: 3307.
Total: 1.878236 ms (FindLiveObjects: 0.252591 ms CreateObjectMapping: 0.096054 ms MarkObjects: 1.510764 ms  DeleteObjects: 0.017516 ms)

========================================================================
Received Prepare
Registering precompiled user dll's ...
Registered in 0.002349 seconds.
Begin MonoManager ReloadAssembly
Native extension for OSXStandalone target not found
Refreshing native plugins compatible for Editor in 0.70 ms, found 1 plugins.
Preloading 0 native plugins for Editor in 0.00 ms.
Mono: successfully reloaded assembly
- Completed reload, in  1.065 seconds
Platform modules already initialized, skipping
Refreshing native plugins compatible for Editor in 0.55 ms, found 1 plugins.
Preloading 0 native plugins for Editor in 0.00 ms.
Unloading 2667 Unused Serialized files (Serialized files now loaded: 0)
System memory in use before: 201.8 MB.
System memory in use after: 202.0 MB.

Unloading 9 unused Assets to reduce memory usage. Loaded Objects now: 3310.
Total: 2.089464 ms (FindLiveObjects: 0.290285 ms CreateObjectMapping: 0.099720 ms MarkObjects: 1.679790 ms  DeleteObjects: 0.018533 ms)

========================================================================
Received Prepare
Registering precompiled user dll's ...
Registered in 0.006782 seconds.
Begin MonoManager ReloadAssembly
Native extension for OSXStandalone target not found
Refreshing native plugins compatible for Editor in 0.47 ms, found 1 plugins.
Preloading 0 native plugins for Editor in 0.00 ms.
Mono: successfully reloaded assembly
- Completed reload, in  1.117 seconds
Platform modules already initialized, skipping
Refreshing native plugins compatible for Editor in 0.46 ms, found 1 plugins.
Preloading 0 native plugins for Editor in 0.00 ms.
Unloading 2667 Unused Serialized files (Serialized files now loaded: 0)
System memory in use before: 203.8 MB.
System memory in use after: 204.0 MB.

Unloading 9 unused Assets to reduce memory usage. Loaded Objects now: 3313.
Total: 2.068094 ms (FindLiveObjects: 0.234255 ms CreateObjectMapping: 0.117553 ms MarkObjects: 1.691655 ms  DeleteObjects: 0.023110 ms)

========================================================================
Received Prepare
Registering precompiled user dll's ...
Registered in 0.001492 seconds.
Begin MonoManager ReloadAssembly
Native extension for OSXStandalone target not found
Refreshing native plugins compatible for Editor in 0.47 ms, found 1 plugins.
Preloading 0 native plugins for Editor in 0.00 ms.
Mono: successfully reloaded assembly
- Completed reload, in  1.064 seconds
Platform modules already initialized, skipping
Refreshing native plugins compatible for Editor in 0.55 ms, found 1 plugins.
Preloading 0 native plugins for Editor in 0.00 ms.
Unloading 2667 Unused Serialized files (Serialized files now loaded: 0)
System memory in use before: 204.0 MB.
System memory in use after: 204.2 MB.

Unloading 9 unused Assets to reduce memory usage. Loaded Objects now: 3316.
Total: 2.168478 ms (FindLiveObjects: 0.274475 ms CreateObjectMapping: 0.110411 ms MarkObjects: 1.766331 ms  DeleteObjects: 0.016308 ms)

========================================================================
Received Prepare
Registering precompiled user dll's ...
Registered in 0.001461 seconds.
Begin MonoManager ReloadAssembly
Native extension for OSXStandalone target not found
Refreshing native plugins compatible for Editor in 0.53 ms, found 1 plugins.
Preloading 0 native plugins for Editor in 0.00 ms.
Mono: successfully reloaded assembly
- Completed reload, in  1.095 seconds
Platform modules already initialized, skipping
Refreshing native plugins compatible for Editor in 0.45 ms, found 1 plugins.
Preloading 0 native plugins for Editor in 0.00 ms.
Unloading 2667 Unused Serialized files (Serialized files now loaded: 0)
System memory in use before: 204.2 MB.
System memory in use after: 204.4 MB.

Unloading 9 unused Assets to reduce memory usage. Loaded Objects now: 3319.
Total: 2.400417 ms (FindLiveObjects: 0.270143 ms CreateObjectMapping: 0.108593 ms MarkObjects: 1.998268 ms  DeleteObjects: 0.021398 ms)

========================================================================
Received Prepare
Registering precompiled user dll's ...
Registered in 0.001456 seconds.
Begin MonoManager ReloadAssembly
Native extension for OSXStandalone target not found
Refreshing native plugins compatible for Editor in 0.60 ms, found 1 plugins.
Preloading 0 native plugins for Editor in 0.00 ms.
Mono: successfully reloaded assembly
- Completed reload, in  1.105 seconds
Platform modules already initialized, skipping
Refreshing native plugins compatible for Editor in 0.45 ms, found 1 plugins.
Preloading 0 native plugins for Editor in 0.00 ms.
Unloading 2667 Unused Serialized files (Serialized files now loaded: 0)
System memory in use before: 204.4 MB.
System memory in use after: 204.6 MB.

Unloading 9 unused Assets to reduce memory usage. Loaded Objects now: 3322.
Total: 2.418711 ms (FindLiveObjects: 0.404022 ms CreateObjectMapping: 0.101247 ms MarkObjects: 1.889581 ms  DeleteObjects: 0.022552 ms)

========================================================================
Received Prepare
Registering precompiled user dll's ...
Registered in 0.001646 seconds.
Begin MonoManager ReloadAssembly
Native extension for OSXStandalone target not found
Refreshing native plugins compatible for Editor in 0.68 ms, found 1 plugins.
Preloading 0 native plugins for Editor in 0.00 ms.
Mono: successfully reloaded assembly
- Completed reload, in  1.085 seconds
Platform modules already initialized, skipping
Refreshing native plugins compatible for Editor in 0.52 ms, found 1 plugins.
Preloading 0 native plugins for Editor in 0.00 ms.
Unloading 2667 Unused Serialized files (Serialized files now loaded: 0)
System memory in use before: 204.6 MB.
System memory in use after: 204.8 MB.

Unloading 9 unused Assets to reduce memory usage. Loaded Objects now: 3325.
Total: 4.451870 ms (FindLiveObjects: 0.634283 ms CreateObjectMapping: 0.580658 ms MarkObjects: 3.204729 ms  DeleteObjects: 0.030476 ms)

========================================================================
Received Prepare
Registering precompiled user dll's ...
Registered in 0.001704 seconds.
Begin MonoManager ReloadAssembly
Native extension for OSXStandalone target not found
Refreshing native plugins compatible for Editor in 0.47 ms, found 1 plugins.
Preloading 0 native plugins for Editor in 0.00 ms.
Mono: successfully reloaded assembly
- Completed reload, in  1.040 seconds
Platform modules already initialized, skipping
Refreshing native plugins compatible for Editor in 0.52 ms, found 1 plugins.
Preloading 0 native plugins for Editor in 0.00 ms.
Unloading 2667 Unused Serialized files (Serialized files now loaded: 0)
System memory in use before: 204.8 MB.
System memory in use after: 205.0 MB.

Unloading 9 unused Assets to reduce memory usage. Loaded Objects now: 3328.
Total: 2.113026 ms (FindLiveObjects: 0.214562 ms CreateObjectMapping: 0.094554 ms MarkObjects: 1.780601 ms  DeleteObjects: 0.021059 ms)

========================================================================
Received Prepare
Registering precompiled user dll's ...
Registered in 0.002582 seconds.
Begin MonoManager ReloadAssembly
Native extension for OSXStandalone target not found
Refreshing native plugins compatible for Editor in 0.45 ms, found 1 plugins.
Preloading 0 native plugins for Editor in 0.00 ms.
Mono: successfully reloaded assembly
- Completed reload, in  1.119 seconds
Platform modules already initialized, skipping
Refreshing native plugins compatible for Editor in 0.52 ms, found 1 plugins.
Preloading 0 native plugins for Editor in 0.00 ms.
Unloading 2667 Unused Serialized files (Serialized files now loaded: 0)
System memory in use before: 205.0 MB.
System memory in use after: 205.2 MB.

Unloading 9 unused Assets to reduce memory usage. Loaded Objects now: 3331.
Total: 2.167791 ms (FindLiveObjects: 0.370496 ms CreateObjectMapping: 0.161945 ms MarkObjects: 1.614825 ms  DeleteObjects: 0.019032 ms)

========================================================================
Received Prepare
Registering precompiled user dll's ...
Registered in 0.002286 seconds.
Begin MonoManager ReloadAssembly
Native extension for OSXStandalone target not found
Refreshing native plugins compatible for Editor in 0.48 ms, found 1 plugins.
Preloading 0 native plugins for Editor in 0.00 ms.
Mono: successfully reloaded assembly
- Completed reload, in  1.059 seconds
Platform modules already initialized, skipping
Refreshing native plugins compatible for Editor in 0.46 ms, found 1 plugins.
Preloading 0 native plugins for Editor in 0.00 ms.
Unloading 2667 Unused Serialized files (Serialized files now loaded: 0)
System memory in use before: 205.3 MB.
System memory in use after: 205.5 MB.

Unloading 9 unused Assets to reduce memory usage. Loaded Objects now: 3334.
Total: 2.003329 ms (FindLiveObjects: 0.247112 ms CreateObjectMapping: 0.113268 ms MarkObjects: 1.621231 ms  DeleteObjects: 0.020248 ms)

========================================================================
Received Prepare
Registering precompiled user dll's ...
Registered in 0.001487 seconds.
Begin MonoManager ReloadAssembly
Native extension for OSXStandalone target not found
Refreshing native plugins compatible for Editor in 0.46 ms, found 1 plugins.
Preloading 0 native plugins for Editor in 0.00 ms.
Mono: successfully reloaded assembly
- Completed reload, in  1.085 seconds
Platform modules already initialized, skipping
Refreshing native plugins compatible for Editor in 0.52 ms, found 1 plugins.
Preloading 0 native plugins for Editor in 0.00 ms.
Unloading 2667 Unused Serialized files (Serialized files now loaded: 0)
System memory in use before: 205.5 MB.
System memory in use after: 205.7 MB.

Unloading 9 unused Assets to reduce memory usage. Loaded Objects now: 3337.
Total: 2.079469 ms (FindLiveObjects: 0.259905 ms CreateObjectMapping: 0.105726 ms MarkObjects: 1.692551 ms  DeleteObjects: 0.020413 ms)

========================================================================
Received Prepare
Registering precompiled user dll's ...
Registered in 0.001647 seconds.
Begin MonoManager ReloadAssembly
Native extension for OSXStandalone target not found
Refreshing native plugins compatible for Editor in 0.54 ms, found 1 plugins.
Preloading 0 native plugins for Editor in 0.00 ms.
Mono: successfully reloaded assembly
- Completed reload, in  1.034 seconds
Platform modules already initialized, skipping
Refreshing native plugins compatible for Editor in 0.48 ms, found 1 plugins.
Preloading 0 native plugins for Editor in 0.00 ms.
Unloading 2667 Unused Serialized files (Serialized files now loaded: 0)
System memory in use before: 205.7 MB.
System memory in use after: 205.9 MB.

Unloading 9 unused Assets to reduce memory usage. Loaded Objects now: 3340.
Total: 2.143733 ms (FindLiveObjects: 0.264036 ms CreateObjectMapping: 0.101465 ms MarkObjects: 1.755824 ms  DeleteObjects: 0.020868 ms)

========================================================================
Received Prepare
Registering precompiled user dll's ...
Registered in 0.002402 seconds.
Begin MonoManager ReloadAssembly
Native extension for OSXStandalone target not found
Refreshing native plugins compatible for Editor in 0.72 ms, found 1 plugins.
Preloading 0 native plugins for Editor in 0.00 ms.
Mono: successfully reloaded assembly
- Completed reload, in  1.051 seconds
Platform modules already initialized, skipping
Refreshing native plugins compatible for Editor in 0.55 ms, found 1 plugins.
Preloading 0 native plugins for Editor in 0.00 ms.
Unloading 2667 Unused Serialized files (Serialized files now loaded: 0)
System memory in use before: 205.9 MB.
System memory in use after: 206.1 MB.

Unloading 9 unused Assets to reduce memory usage. Loaded Objects now: 3343.
Total: 2.381992 ms (FindLiveObjects: 0.306086 ms CreateObjectMapping: 0.109724 ms MarkObjects: 1.945839 ms  DeleteObjects: 0.018708 ms)

========================================================================
Received Prepare
Registering precompiled user dll's ...
Registered in 0.001833 seconds.
Begin MonoManager ReloadAssembly
Native extension for OSXStandalone target not found
Refreshing native plugins compatible for Editor in 0.54 ms, found 1 plugins.
Preloading 0 native plugins for Editor in 0.00 ms.
Mono: successfully reloaded assembly
- Completed reload, in  1.395 seconds
Platform modules already initialized, skipping
Refreshing native plugins compatible for Editor in 0.49 ms, found 1 plugins.
Preloading 0 native plugins for Editor in 0.00 ms.
Unloading 2667 Unused Serialized files (Serialized files now loaded: 0)
System memory in use before: 206.1 MB.
System memory in use after: 206.3 MB.

Unloading 9 unused Assets to reduce memory usage. Loaded Objects now: 3346.
Total: 2.025109 ms (FindLiveObjects: 0.297024 ms CreateObjectMapping: 0.099318 ms MarkObjects: 1.604345 ms  DeleteObjects: 0.021621 ms)

========================================================================
Received Prepare
Registering precompiled user dll's ...
Registered in 0.001459 seconds.
Begin MonoManager ReloadAssembly
Native extension for OSXStandalone target not found
Refreshing native plugins compatible for Editor in 0.53 ms, found 1 plugins.
Preloading 0 native plugins for Editor in 0.00 ms.
Mono: successfully reloaded assembly
- Completed reload, in  1.071 seconds
Platform modules already initialized, skipping
Refreshing native plugins compatible for Editor in 0.53 ms, found 1 plugins.
Preloading 0 native plugins for Editor in 0.00 ms.
Unloading 2667 Unused Serialized files (Serialized files now loaded: 0)
System memory in use before: 206.3 MB.
System memory in use after: 206.5 MB.

Unloading 9 unused Assets to reduce memory usage. Loaded Objects now: 3349.
Total: 2.101466 ms (FindLiveObjects: 0.273544 ms CreateObjectMapping: 0.103039 ms MarkObjects: 1.702751 ms  DeleteObjects: 0.020476 ms)

========================================================================
Received Prepare
Registering precompiled user dll's ...
Registered in 0.006730 seconds.
Begin MonoManager ReloadAssembly
Native extension for OSXStandalone target not found
Refreshing native plugins compatible for Editor in 0.51 ms, found 1 plugins.
Preloading 0 native plugins for Editor in 0.00 ms.
Mono: successfully reloaded assembly
- Completed reload, in  1.102 seconds
Platform modules already initialized, skipping
Refreshing native plugins compatible for Editor in 0.51 ms, found 1 plugins.
Preloading 0 native plugins for Editor in 0.00 ms.
Unloading 2667 Unused Serialized files (Serialized files now loaded: 0)
System memory in use before: 206.5 MB.
System memory in use after: 206.7 MB.

Unloading 9 unused Assets to reduce memory usage. Loaded Objects now: 3352.
Total: 2.197580 ms (FindLiveObjects: 0.325683 ms CreateObjectMapping: 0.108300 ms MarkObjects: 1.741870 ms  DeleteObjects: 0.020338 ms)

========================================================================
Received Prepare
Registering precompiled user dll's ...
Registered in 0.002531 seconds.
Begin MonoManager ReloadAssembly
Native extension for OSXStandalone target not found
Refreshing native plugins compatible for Editor in 0.49 ms, found 1 plugins.
Preloading 0 native plugins for Editor in 0.00 ms.
Mono: successfully reloaded assembly
- Completed reload, in  1.079 seconds
Platform modules already initialized, skipping
Refreshing native plugins compatible for Editor in 0.54 ms, found 1 plugins.
Preloading 0 native plugins for Editor in 0.00 ms.
Unloading 2667 Unused Serialized files (Serialized files now loaded: 0)
System memory in use before: 206.7 MB.
System memory in use after: 206.9 MB.

Unloading 9 unused Assets to reduce memory usage. Loaded Objects now: 3355.
Total: 2.112314 ms (FindLiveObjects: 0.291762 ms CreateObjectMapping: 0.100874 ms MarkObjects: 1.675073 ms  DeleteObjects: 0.043488 ms)

========================================================================
Received Prepare
Registering precompiled user dll's ...
Registered in 0.001497 seconds.
Begin MonoManager ReloadAssembly
Native extension for OSXStandalone target not found
Refreshing native plugins compatible for Editor in 0.58 ms, found 1 plugins.
Preloading 0 native plugins for Editor in 0.00 ms.
Mono: successfully reloaded assembly
- Completed reload, in  1.061 seconds
Platform modules already initialized, skipping
Refreshing native plugins compatible for Editor in 0.52 ms, found 1 plugins.
Preloading 0 native plugins for Editor in 0.00 ms.
Unloading 2667 Unused Serialized files (Serialized files now loaded: 0)
System memory in use before: 206.9 MB.
System memory in use after: 207.1 MB.

Unloading 9 unused Assets to reduce memory usage. Loaded Objects now: 3358.
Total: 2.776363 ms (FindLiveObjects: 0.299856 ms CreateObjectMapping: 0.112599 ms MarkObjects: 2.340877 ms  DeleteObjects: 0.021163 ms)

========================================================================
Received Import Request.
  Time since last request: 2793.507802 seconds.
  path: Assets/Scripts/CharacterUI.cs
  artifactKey: Guid(ee4ee3b21c6994962a814a859f1c3275) Importer(815301076,1909f56bfc062723c751e8b465ee728b)
Start importing Assets/Scripts/CharacterUI.cs using Guid(ee4ee3b21c6994962a814a859f1c3275) Importer(815301076,1909f56bfc062723c751e8b465ee728b)  -> (artifact id: 'a069d4dd3589d3f57906fb85c1d76b07') in 0.012774 seconds 
========================================================================
Received Prepare
Registering precompiled user dll's ...
Registered in 0.001651 seconds.
Begin MonoManager ReloadAssembly
Native extension for OSXStandalone target not found
Refreshing native plugins compatible for Editor in 0.53 ms, found 1 plugins.
Preloading 0 native plugins for Editor in 0.00 ms.
Mono: successfully reloaded assembly
- Completed reload, in  1.079 seconds
Platform modules already initialized, skipping
Refreshing native plugins compatible for Editor in 0.54 ms, found 1 plugins.
Preloading 0 native plugins for Editor in 0.00 ms.
Unloading 2668 Unused Serialized files (Serialized files now loaded: 0)
System memory in use before: 207.2 MB.
System memory in use after: 207.4 MB.

Unloading 9 unused Assets to reduce memory usage. Loaded Objects now: 3362.
Total: 2.327317 ms (FindLiveObjects: 0.328603 ms CreateObjectMapping: 0.119842 ms MarkObjects: 1.852955 ms  DeleteObjects: 0.024671 ms)

========================================================================
Received Import Request.
  Time since last request: 10.499679 seconds.
  path: Assets/Scripts/CharacterUI.cs
  artifactKey: Guid(ee4ee3b21c6994962a814a859f1c3275) Importer(815301076,1909f56bfc062723c751e8b465ee728b)
Start importing Assets/Scripts/CharacterUI.cs using Guid(ee4ee3b21c6994962a814a859f1c3275) Importer(815301076,1909f56bfc062723c751e8b465ee728b)  -> (artifact id: '683bc0ab68b263888d9d3eac54ee5195') in 0.009348 seconds 
========================================================================
Received Prepare
Registering precompiled user dll's ...
Registered in 0.001479 seconds.
Begin MonoManager ReloadAssembly
Native extension for OSXStandalone target not found
Refreshing native plugins compatible for Editor in 0.48 ms, found 1 plugins.
Preloading 0 native plugins for Editor in 0.00 ms.
Mono: successfully reloaded assembly
- Completed reload, in  1.072 seconds
Platform modules already initialized, skipping
Refreshing native plugins compatible for Editor in 0.56 ms, found 1 plugins.
Preloading 0 native plugins for Editor in 0.00 ms.
Unloading 2668 Unused Serialized files (Serialized files now loaded: 0)
System memory in use before: 207.4 MB.
System memory in use after: 207.6 MB.

Unloading 9 unused Assets to reduce memory usage. Loaded Objects now: 3365.
Total: 2.198804 ms (FindLiveObjects: 0.287967 ms CreateObjectMapping: 0.108497 ms MarkObjects: 1.779824 ms  DeleteObjects: 0.020598 ms)

========================================================================
Received Prepare
Registering precompiled user dll's ...
Registered in 0.001497 seconds.
Begin MonoManager ReloadAssembly
Native extension for OSXStandalone target not found
Refreshing native plugins compatible for Editor in 0.59 ms, found 1 plugins.
Preloading 0 native plugins for Editor in 0.00 ms.
Mono: successfully reloaded assembly
- Completed reload, in  1.086 seconds
Platform modules already initialized, skipping
Refreshing native plugins compatible for Editor in 0.55 ms, found 1 plugins.
Preloading 0 native plugins for Editor in 0.00 ms.
Unloading 2668 Unused Serialized files (Serialized files now loaded: 0)
System memory in use before: 207.6 MB.
System memory in use after: 207.8 MB.

Unloading 9 unused Assets to reduce memory usage. Loaded Objects now: 3368.
Total: 2.173238 ms (FindLiveObjects: 0.317443 ms CreateObjectMapping: 0.124546 ms MarkObjects: 1.712784 ms  DeleteObjects: 0.017078 ms)

========================================================================
Received Prepare
Registering precompiled user dll's ...
Registered in 0.001444 seconds.
Begin MonoManager ReloadAssembly
Native extension for OSXStandalone target not found
Refreshing native plugins compatible for Editor in 0.50 ms, found 1 plugins.
Preloading 0 native plugins for Editor in 0.00 ms.
Mono: successfully reloaded assembly
- Completed reload, in  1.100 seconds
Platform modules already initialized, skipping
Refreshing native plugins compatible for Editor in 0.57 ms, found 1 plugins.
Preloading 0 native plugins for Editor in 0.00 ms.
Unloading 2668 Unused Serialized files (Serialized files now loaded: 0)
System memory in use before: 207.8 MB.
System memory in use after: 208.0 MB.

Unloading 9 unused Assets to reduce memory usage. Loaded Objects now: 3371.
Total: 2.151240 ms (FindLiveObjects: 0.334567 ms CreateObjectMapping: 0.102966 ms MarkObjects: 1.691982 ms  DeleteObjects: 0.020258 ms)

========================================================================
Received Prepare
Registering precompiled user dll's ...
Registered in 0.001512 seconds.
Begin MonoManager ReloadAssembly
Native extension for OSXStandalone target not found
Refreshing native plugins compatible for Editor in 0.48 ms, found 1 plugins.
Preloading 0 native plugins for Editor in 0.00 ms.
Mono: successfully reloaded assembly
- Completed reload, in  1.039 seconds
Platform modules already initialized, skipping
Refreshing native plugins compatible for Editor in 0.51 ms, found 1 plugins.
Preloading 0 native plugins for Editor in 0.00 ms.
Unloading 2668 Unused Serialized files (Serialized files now loaded: 0)
System memory in use before: 208.0 MB.
System memory in use after: 208.2 MB.

Unloading 9 unused Assets to reduce memory usage. Loaded Objects now: 3374.
Total: 2.224818 ms (FindLiveObjects: 0.269389 ms CreateObjectMapping: 0.110906 ms MarkObjects: 1.824678 ms  DeleteObjects: 0.018593 ms)

========================================================================
Received Prepare
Registering precompiled user dll's ...
Registered in 0.001579 seconds.
Begin MonoManager ReloadAssembly
Native extension for OSXStandalone target not found
Refreshing native plugins compatible for Editor in 0.57 ms, found 1 plugins.
Preloading 0 native plugins for Editor in 0.00 ms.
Mono: successfully reloaded assembly
- Completed reload, in  1.303 seconds
Platform modules already initialized, skipping
Refreshing native plugins compatible for Editor in 0.55 ms, found 1 plugins.
Preloading 0 native plugins for Editor in 0.00 ms.
Unloading 2668 Unused Serialized files (Serialized files now loaded: 0)
System memory in use before: 208.2 MB.
System memory in use after: 208.4 MB.

Unloading 9 unused Assets to reduce memory usage. Loaded Objects now: 3377.
Total: 2.168564 ms (FindLiveObjects: 0.273450 ms CreateObjectMapping: 0.107754 ms MarkObjects: 1.767544 ms  DeleteObjects: 0.018416 ms)

========================================================================
Received Prepare
Registering precompiled user dll's ...
Registered in 0.001476 seconds.
Begin MonoManager ReloadAssembly
Native extension for OSXStandalone target not found
Refreshing native plugins compatible for Editor in 0.46 ms, found 1 plugins.
Preloading 0 native plugins for Editor in 0.00 ms.
Mono: successfully reloaded assembly
- Completed reload, in  1.058 seconds
Platform modules already initialized, skipping
Refreshing native plugins compatible for Editor in 0.53 ms, found 1 plugins.
Preloading 0 native plugins for Editor in 0.00 ms.
Unloading 2668 Unused Serialized files (Serialized files now loaded: 0)
System memory in use before: 208.4 MB.
System memory in use after: 208.6 MB.

Unloading 9 unused Assets to reduce memory usage. Loaded Objects now: 3380.
Total: 2.146253 ms (FindLiveObjects: 0.279862 ms CreateObjectMapping: 0.095531 ms MarkObjects: 1.750637 ms  DeleteObjects: 0.018882 ms)

